<?xml version="1.0" encoding="UTF-8"?>
<testsuite name="br.com.gui.testes.servicos.LocacaoServiceTest" time="0.62" tests="17" errors="0" skipped="0" failures="0">
  <properties>
    <property name="java.runtime.name" value="Java(TM) SE Runtime Environment"/>
    <property name="java.vm.version" value="11.0.12+8-LTS-237"/>
    <property name="sun.boot.library.path" value="C:\Program Files\Java\jdk-11.0.12\bin"/>
    <property name="maven.multiModuleProjectDirectory" value="E:\GitHub\TestesUnitarios"/>
    <property name="java.vm.vendor" value="Oracle Corporation"/>
    <property name="java.vendor.url" value="https://openjdk.java.net/"/>
    <property name="guice.disable.misplaced.annotation.check" value="true"/>
    <property name="path.separator" value=";"/>
    <property name="java.vm.name" value="Java HotSpot(TM) 64-Bit Server VM"/>
    <property name="sun.os.patch.level" value=""/>
    <property name="user.script" value=""/>
    <property name="user.country" value="BR"/>
    <property name="sun.java.launcher" value="SUN_STANDARD"/>
    <property name="java.vm.specification.name" value="Java Virtual Machine Specification"/>
    <property name="user.dir" value="E:\GitHub\TestesUnitarios"/>
    <property name="java.vm.compressedOopsMode" value="Zero based"/>
    <property name="java.runtime.version" value="11.0.12+8-LTS-237"/>
    <property name="java.awt.graphicsenv" value="sun.awt.Win32GraphicsEnvironment"/>
    <property name="os.arch" value="amd64"/>
    <property name="java.io.tmpdir" value="C:\Users\guiro\AppData\Local\Temp\"/>
    <property name="line.separator" value="&#10;"/>
    <property name="java.vm.specification.vendor" value="Oracle Corporation"/>
    <property name="user.variant" value=""/>
    <property name="os.name" value="Windows 10"/>
    <property name="classworlds.conf" value="C:\Maven\apache-maven-3.8.2\bin\m2.conf"/>
    <property name="sun.jnu.encoding" value="Cp1252"/>
    <property name="java.library.path" value="C:\Program Files\Java\jdk-11.0.12\bin;C:\WINDOWS\Sun\Java\bin;C:\WINDOWS\system32;C:\WINDOWS;C:\Program Files\Common Files\Oracle\Java\javapath;C:\Program Files (x86)\Common Files\Oracle\Java\javapath;C:\Windows\system32;C:\Windows;C:\Windows\System32\Wbem;C:\Windows\System32\WindowsPowerShell\v1.0\;C:\Windows\System32\OpenSSH\;C:\Program Files\NVIDIA Corporation\NVIDIA NvDLISR;C:\Program Files\nodejs\;C:\Maven\apache-maven-3.8.2\bin;C:\Program Files\Git\cmd;C:\Program Files\Microsoft SQL Server\130\Tools\Binn\;C:\WINDOWS\system32;C:\WINDOWS;C:\WINDOWS\System32\Wbem;C:\WINDOWS\System32\WindowsPowerShell\v1.0\;C:\WINDOWS\System32\OpenSSH\;C:\Program Files (x86)\PowerShell\7\;d:\steamlibrary\steamapps\common\iracing\d3dgear;C:\Users\guiro\AppData\Local\Programs\Python\Python37\Scripts\;C:\Users\guiro\AppData\Local\Programs\Python\Python37\;C:\Users\guiro\AppData\Local\Microsoft\WindowsApps;C:\Users\guiro\AppData\Roaming\npm;C:\Microsoft VS Code\bin;C:\Program Files\heroku\bin;;C:\Program Files\JetBrains\PyCharm Community Edition 2021.2.1\bin;;C:\Program Files\JetBrains\IntelliJ IDEA 2021.2.3\bin;;C:\Program Files\JetBrains\IntelliJ IDEA Community Edition 2021.2.1\bin;;."/>
    <property name="maven.conf" value="C:\Maven\apache-maven-3.8.2/conf"/>
    <property name="jdk.debug" value="release"/>
    <property name="java.class.version" value="55.0"/>
    <property name="java.specification.name" value="Java Platform API Specification"/>
    <property name="sun.management.compiler" value="HotSpot 64-Bit Tiered Compilers"/>
    <property name="os.version" value="10.0"/>
    <property name="user.home" value="C:\Users\guiro"/>
    <property name="user.timezone" value="America/Sao_Paulo"/>
    <property name="java.awt.printerjob" value="sun.awt.windows.WPrinterJob"/>
    <property name="file.encoding" value="Cp1252"/>
    <property name="java.specification.version" value="11"/>
    <property name="user.name" value="guiro"/>
    <property name="java.class.path" value="C:\Maven\apache-maven-3.8.2\boot\plexus-classworlds-2.6.0.jar"/>
    <property name="java.vm.specification.version" value="11"/>
    <property name="sun.arch.data.model" value="64"/>
    <property name="sun.java.command" value="org.codehaus.plexus.classworlds.launcher.Launcher test"/>
    <property name="java.home" value="C:\Program Files\Java\jdk-11.0.12"/>
    <property name="user.language" value="pt"/>
    <property name="java.specification.vendor" value="Oracle Corporation"/>
    <property name="awt.toolkit" value="sun.awt.windows.WToolkit"/>
    <property name="java.vm.info" value="mixed mode"/>
    <property name="java.version" value="11.0.12"/>
    <property name="java.vendor" value="Oracle Corporation"/>
    <property name="sun.stderr.encoding" value="cp850"/>
    <property name="maven.home" value="C:\Maven\apache-maven-3.8.2"/>
    <property name="file.separator" value="\"/>
    <property name="java.version.date" value="2021-07-20"/>
    <property name="java.vendor.url.bug" value="https://bugreport.java.com/bugreport/"/>
    <property name="sun.io.unicode.encoding" value="UnicodeLittle"/>
    <property name="sun.cpu.endian" value="little"/>
    <property name="java.vendor.version" value="18.9"/>
    <property name="sun.stdout.encoding" value="cp850"/>
    <property name="sun.desktop" value="windows"/>
    <property name="sun.cpu.isalist" value="amd64"/>
  </properties>
  <testcase name="naoDeveAlugarFilmeParaUsuarioNegativado" classname="br.com.gui.testes.servicos.LocacaoServiceTest" time="0.456"/>
  <testcase name="deveEnviarEmailParaLocacoesAtrasadas" classname="br.com.gui.testes.servicos.LocacaoServiceTest" time="0.021"/>
  <testcase name="naoDeveDevolverFilmeNoDomingoSeAlugadoNoSabado" classname="br.com.gui.testes.servicos.LocacaoServiceTest" time="0.043"/>
  <testcase name="naoDeveAlugarFilmeSemFilme" classname="br.com.gui.testes.servicos.LocacaoServiceTest" time="0.007"/>
  <testcase name="deveTratarErroNoMockSPC" classname="br.com.gui.testes.servicos.LocacaoServiceTest" time="0.005"/>
  <testcase name="naoDeveAlugarFilmeSemEstoque2" classname="br.com.gui.testes.servicos.LocacaoServiceTest" time="0.005"/>
  <testcase name="naoDeveAlugarFilmeSemUsuario" classname="br.com.gui.testes.servicos.LocacaoServiceTest" time="0.007"/>
  <testcase name="deveProrrogarUmaLocacao" classname="br.com.gui.testes.servicos.LocacaoServiceTest" time="0.007"/>
  <testcase name="naoDeveAlugarFilmeSemEstoque" classname="br.com.gui.testes.servicos.LocacaoServiceTest" time="0.005"/>
  <testcase name="naoDeveAlugarFilmeSemEstoque3" classname="br.com.gui.testes.servicos.LocacaoServiceTest" time="0.006"/>
  <testcase name="testeLocacaoRule" classname="br.com.gui.testes.servicos.LocacaoServiceTest" time="0.011"/>
  <testcase name="desconto_3itens" classname="br.com.gui.testes.servicos.LocacaoServiceTest" time="0.008"/>
  <testcase name="testeLocacao" classname="br.com.gui.testes.servicos.LocacaoServiceTest" time="0.007"/>
  <testcase name="desconto_6itens" classname="br.com.gui.testes.servicos.LocacaoServiceTest" time="0.007"/>
  <testcase name="setDescontoTest" classname="br.com.gui.testes.servicos.LocacaoServiceTest" time="0.005"/>
  <testcase name="desconto_5itens" classname="br.com.gui.testes.servicos.LocacaoServiceTest" time="0.012"/>
  <testcase name="desconto_4itens" classname="br.com.gui.testes.servicos.LocacaoServiceTest" time="0.008"/>
</testsuite>